<?xml version="1.0" encoding="UTF-8"?>
<!-- Generated by org.testng.reporters.JUnitXMLReporter -->
<testsuite ignored="0" hostname="UDIND-LP038" failures="0" tests="6" name="Test" time="16.879" errors="0" timestamp="2022-06-13T11:26:16 IST">
  <testcase classname="listeners.TestNGListenerDemo" name="test1" time="0.015"/>
  <testcase classname="listeners.TestNGListenerDemo" name="test2" time="16.813"/>
  <testcase classname="listeners.TestNGListenerDemo" name="test3" time="0.002">
    <skipped/>
  </testcase> <!-- test3 -->
  <testcase classname="listeners.TestNGListenerDemo2" name="test24" time="0.001"/>
  <testcase classname="listeners.TestNGListenerDemo2" name="test34" time="0.0">
    <skipped/>
  </testcase> <!-- test34 -->
  <testcase classname="listeners.TestNGListenerDemo2" name="test4" time="0.001"/>
</testsuite> <!-- Test -->
